<?xml version="1.0" encoding="UTF-8"?>
<!-- Generated by org.testng.reporters.JUnitReportReporter -->
<testsuite hostname="BSC-PG02KEJ0" failures="0" tests="4" name="ui.GroupTest" time="0.008" errors="0" timestamp="2024-02-05T12:45:50 IST" skipped="0">
  <testcase classname="ui.GroupTest" name="test03" time="0.003"/>
  <testcase classname="ui.GroupTest" name="test04" time="0.002"/>
  <testcase classname="ui.GroupTest" name="test01" time="0.001"/>
  <testcase classname="ui.GroupTest" name="test02" time="0.002"/>
</testsuite> <!-- ui.GroupTest -->
