<?xml version="1.0" encoding="UTF-8"?>
<!-- Generated by org.testng.reporters.JUnitReportReporter -->
<testsuite hostname="BSC-PG02KEJ0" failures="0" tests="2" name="ui.SampleTest" time="0.004" errors="0" timestamp="2024-02-05T12:45:50 IST" skipped="0">
  <testcase classname="ui.SampleTest" name="test02" time="0.002"/>
  <testcase classname="ui.SampleTest" name="test01" time="0.002"/>
</testsuite> <!-- ui.SampleTest -->
