<?xml version="1.0" encoding="UTF-8"?>
<!-- Generated by org.testng.reporters.JUnitReportReporter -->
<testsuite hostname="BSC-PG02KEJ0" failures="0" tests="1" name="ui.VerifyTitleandTextTitle" time="4.325" errors="0" timestamp="2024-02-05T12:45:50 IST" skipped="0">
  <testcase classname="ui.VerifyTitleandTextTitle" name="titleTest" time="4.325"/>
</testsuite> <!-- ui.VerifyTitleandTextTitle -->
