<?xml version="1.0" encoding="UTF-8"?>
<!-- Generated by org.testng.reporters.JUnitReportReporter -->
<testsuite hostname="BSC-PG02KEJ0" failures="0" tests="4" name="ui.DataProviderDemoTest2" time="12.536" errors="0" timestamp="2024-02-05T13:48:29 IST" skipped="0">
  <testcase classname="ui.DataProviderDemoTest2" name="test01" time="3.027"/>
  <testcase classname="ui.DataProviderDemoTest2" name="test01" time="1.457"/>
  <testcase classname="ui.DataProviderDemoTest2" name="test01" time="1.411"/>
  <testcase classname="ui.DataProviderDemoTest2" name="test01" time="6.641"/>
</testsuite> <!-- ui.DataProviderDemoTest2 -->
